[debug] > Exec(early(addDefaultCommands), None, None)
[debug] > Exec(addDefaultCommands, None, None)
[debug] > Exec(early(initialize), None, None)
[debug] > Exec(initialize, None, None)
[debug] > Exec(boot, None, None)
[debug] > Exec(writeSbtVersion, None, None)
[debug] > Exec(reload, None, None)
[debug] > Exec(sbtStashOnFailure, None, None)
[debug] > Exec(onFailure loadFailed, None, None)
[debug] > Exec(loadp, None, None)
[info] welcome to sbt 1.5.5 (Red Hat, Inc. Java 11.0.12)
[debug] Load.defaultLoad until apply took 1001.087197ms
[debug]                 Load.loadUnit: plugins took 355.646042ms
[debug]                 Load.loadUnit: defsScala took 1.286922ms
[debug] [Loading] Scanning directory /home/loganj/Projects/JVM_Projects/MLScala/project/project
[debug]                   Load.loadUnit: mkEval took 36.671521ms
[debug] [Loading] Found non-root projects 
[debug] [Loading] Done in /home/loganj/Projects/JVM_Projects/MLScala/project/project, returning: ()
[debug] deducing auto plugins based on known facts Set(Atom(sbt.plugins.CorePlugin)) and clauses Clauses(Clause(Atom(sbt.plugins.JvmPlugin),Set(Atom(sbt.plugins.IvyPlugin)))
[debug] Clause(Atom(sbt.ScriptedPlugin),Set(Atom(sbt.plugins.JvmPlugin)))
[debug] Clause(Atom(sbt.plugins.SbtPlugin),Set(Atom(sbt.ScriptedPlugin)))
[debug] Clause(Atom(sbt.plugins.SemanticdbPlugin),Set(Atom(sbt.plugins.JvmPlugin)))
[debug] Clause(Atom(sbt.plugins.JUnitXmlReportPlugin),Set(Atom(sbt.plugins.JvmPlugin)))
[debug] Clause(Atom(sbt.plugins.MiniDependencyTreePlugin),Set(Atom(sbt.plugins.JvmPlugin)))
[debug] Clause(Atom(sbt.plugins.CorePlugin),Set(Atom(sbt.plugins.IvyPlugin)))
[debug] Clause(Atom(sbt.plugins.IvyPlugin),Set(Atom(sbt.plugins.JvmPlugin)))
[debug] Clause(Atom(sbt.plugins.JvmPlugin),Set(Atom(sbt.plugins.SemanticdbPlugin)))
[debug] Clause(Atom(sbt.plugins.JvmPlugin),Set(Atom(sbt.plugins.JUnitXmlReportPlugin)))
[debug] Clause(Atom(sbt.plugins.CorePlugin),Set(Atom(sbt.plugins.Giter8TemplatePlugin)))
[debug] Clause(Atom(sbt.plugins.JvmPlugin),Set(Atom(sbt.plugins.MiniDependencyTreePlugin))))
[debug]   :: deduced result: Matched(sbt.plugins.CorePlugin,sbt.plugins.Giter8TemplatePlugin,sbt.plugins.IvyPlugin,sbt.plugins.JvmPlugin,sbt.plugins.MiniDependencyTreePlugin,sbt.plugins.JUnitXmlReportPlugin,sbt.plugins.SemanticdbPlugin)
[debug] Plugins.deducer#function took 69.068983 ms
[info] loading settings for project mlscala-build-build from metals.sbt ...
[debug]                     Load.resolveProject(mlscala-build-build) took 179.114588ms
[debug]                   Load.loadTransitive: finalizeProject(Project(id mlscala-build-build, base: /home/loganj/Projects/JVM_Projects/MLScala/project/project, plugins: List(<none>))) took 266.555104ms
[debug] [Loading] Done in /home/loganj/Projects/JVM_Projects/MLScala/project/project, returning: (mlscala-build-build)
[debug]                 Load.loadUnit: loadedProjectsRaw took 5027.358153ms
[debug]                 Load.loadUnit: cleanEvalClasses took 26.494688ms
[debug]               Load.loadUnit(file:/home/loganj/Projects/JVM_Projects/MLScala/project/project/, ...) took 5462.01251ms
[debug]             Load.apply: load took 5734.154427ms
[debug]             Load.apply: resolveProjects took 11.046419ms
[debug]             Load.apply: finalTransforms took 98.672893ms
[debug]             Load.apply: config.delegates took 12.065256ms
[debug]             Load.apply: Def.make(settings)... took 729.227364ms
[debug]             Load.apply: structureIndex took 147.148294ms
[debug]             Load.apply: mkStreams took 2.45126ms
[info] loading project definition from /home/loganj/Projects/JVM_Projects/MLScala/project/project
[debug] Running task... Cancel: Signal, check cycles: false, forcegc: true
